1604691795778	geckodriver	INFO	Listening on 127.0.0.1:54239
1604691795783	mozrunner::runner	INFO	Running command: "/usr/bin/firefox" "--marionette" "-foreground" "-no-remote" "-profile" "/tmp/rust_mozprofileSBIN3i"
console.warn: SearchSettings: "get: No settings file exists, new profile?" (new Error("", "(unknown module)"))
1604691798615	Marionette	INFO	Listening on port 42057
1604691798711	Marionette	WARN	TLS certificate errors will be ignored for this session
1604691809571	Marionette	INFO	Stopped listening on port 42057
1604691822472	geckodriver	INFO	Listening on 127.0.0.1:38295
1604691822477	mozrunner::runner	INFO	Running command: "/usr/bin/firefox" "--marionette" "-foreground" "-no-remote" "-profile" "/tmp/rust_mozprofileqI72a4"
console.warn: SearchSettings: "get: No settings file exists, new profile?" (new Error("", "(unknown module)"))
1604691825356	Marionette	INFO	Listening on port 37377
1604691825439	Marionette	WARN	TLS certificate errors will be ignored for this session
1604691924991	geckodriver	INFO	Listening on 127.0.0.1:46367
1604691924996	mozrunner::runner	INFO	Running command: "/usr/bin/firefox" "--marionette" "-foreground" "-no-remote" "-profile" "/tmp/rust_mozprofile7g2UzZ"
console.warn: SearchSettings: "get: No settings file exists, new profile?" (new Error("", "(unknown module)"))
1604691928138	Marionette	INFO	Listening on port 43021
1604691928257	Marionette	WARN	TLS certificate errors will be ignored for this session
1604691930313	Marionette	INFO	Stopped listening on port 37377
1604692006590	geckodriver	INFO	Listening on 127.0.0.1:42773
1604692006598	mozrunner::runner	INFO	Running command: "/usr/bin/firefox" "--marionette" "-foreground" "-no-remote" "-profile" "/tmp/rust_mozprofileTnF8M3"
console.warn: SearchSettings: "get: No settings file exists, new profile?" (new Error("", "(unknown module)"))
1604692009640	Marionette	INFO	Listening on port 35251
1604692009752	Marionette	WARN	TLS certificate errors will be ignored for this session
1604692022062	Marionette	INFO	Stopped listening on port 35251
1604692025076	Marionette	INFO	Stopped listening on port 43021
1604692492450	geckodriver	INFO	Listening on 127.0.0.1:36445
1604692492455	mozrunner::runner	INFO	Running command: "/usr/bin/firefox" "--marionette" "-foreground" "-no-remote" "-profile" "/tmp/rust_mozprofileUSAIjj"
console.warn: SearchSettings: "get: No settings file exists, new profile?" (new Error("", "(unknown module)"))
1604692495383	Marionette	INFO	Listening on port 33233
1604692495487	Marionette	WARN	TLS certificate errors will be ignored for this session
IPDL protocol error: Handler returned error code!

###!!! [Parent][DispatchAsyncMessage] Error: PLayerTransaction::Msg_ReleaseLayer Processing error: message was deserialized, but the handler returned false (indicating failure)

IPDL protocol error: Handler returned error code!

###!!! [Parent][DispatchAsyncMessage] Error: PLayerTransaction::Msg_ReleaseLayer Processing error: message was deserialized, but the handler returned false (indicating failure)

IPDL protocol error: Handler returned error code!

###!!! [Parent][DispatchAsyncMessage] Error: PLayerTransaction::Msg_ReleaseLayer Processing error: message was deserialized, but the handler returned false (indicating failure)

IPDL protocol error: Handler returned error code!

###!!! [Parent][DispatchAsyncMessage] Error: PLayerTransaction::Msg_ReleaseLayer Processing error: message was deserialized, but the handler returned false (indicating failure)

IPDL protocol error: Handler returned error code!

###!!! [Parent][DispatchAsyncMessage] Error: PLayerTransaction::Msg_ReleaseLayer Processing error: message was deserialized, but the handler returned false (indicating failure)

IPDL protocol error: Handler returned error code!

###!!! [Parent][DispatchAsyncMessage] Error: PLayerTransaction::Msg_ReleaseLayer Processing error: message was deserialized, but the handler returned false (indicating failure)

IPDL protocol error: Handler returned error code!

###!!! [Parent][DispatchAsyncMessage] Error: PLayerTransaction::Msg_ReleaseLayer Processing error: message was deserialized, but the handler returned false (indicating failure)

IPDL protocol error: Handler returned error code!

###!!! [Parent][DispatchAsyncMessage] Error: PLayerTransaction::Msg_ReleaseLayer Processing error: message was deserialized, but the handler returned false (indicating failure)

IPDL protocol error: Handler returned error code!

###!!! [Parent][DispatchAsyncMessage] Error: PLayerTransaction::Msg_ReleaseLayer Processing error: message was deserialized, but the handler returned false (indicating failure)

IPDL protocol error: Handler returned error code!

###!!! [Parent][DispatchAsyncMessage] Error: PLayerTransaction::Msg_ReleaseLayer Processing error: message was deserialized, but the handler returned false (indicating failure)

IPDL protocol error: Handler returned error code!

###!!! [Parent][DispatchAsyncMessage] Error: PLayerTransaction::Msg_ReleaseLayer Processing error: message was deserialized, but the handler returned false (indicating failure)

IPDL protocol error: Handler returned error code!

###!!! [Parent][DispatchAsyncMessage] Error: PLayerTransaction::Msg_ReleaseLayer Processing error: message was deserialized, but the handler returned false (indicating failure)

1604692512711	Marionette	INFO	Stopped listening on port 33233
1604693404395	geckodriver	INFO	Listening on 127.0.0.1:54665
1604693404400	mozrunner::runner	INFO	Running command: "/usr/bin/firefox" "--marionette" "-foreground" "-no-remote" "-profile" "/tmp/rust_mozprofileKOoZnY"
console.warn: SearchSettings: "get: No settings file exists, new profile?" (new Error("", "(unknown module)"))
1604693407229	Marionette	INFO	Listening on port 46219
1604693407335	Marionette	WARN	TLS certificate errors will be ignored for this session
1604693434921	geckodriver	INFO	Listening on 127.0.0.1:41081
1604693434925	mozrunner::runner	INFO	Running command: "/usr/bin/firefox" "--marionette" "-foreground" "-no-remote" "-profile" "/tmp/rust_mozprofile1ydcMu"
console.warn: SearchSettings: "get: No settings file exists, new profile?" (new Error("", "(unknown module)"))
1604693438018	Marionette	INFO	Listening on port 33617
console.error: Region.jsm: "Error fetching region" (new TypeError("NetworkError when attempting to fetch resource.", ""))
console.error: Region.jsm: "Failed to fetch region" (new Error("NO_RESULT", "resource://gre/modules/Region.jsm", 351))
1604693438300	Marionette	INFO	Stopped listening on port 33617
1604693440588	Marionette	INFO	Stopped listening on port 46219
1604693441567	geckodriver	INFO	Listening on 127.0.0.1:54857
1604693441573	mozrunner::runner	INFO	Running command: "/usr/bin/firefox" "--marionette" "-foreground" "-no-remote" "-profile" "/tmp/rust_mozprofileHOjjCW"
console.warn: SearchSettings: "get: No settings file exists, new profile?" (new Error("", "(unknown module)"))
1604693444470	Marionette	INFO	Listening on port 43425
1604693444527	Marionette	WARN	TLS certificate errors will be ignored for this session
1604693506802	geckodriver	INFO	Listening on 127.0.0.1:38579
1604693506807	mozrunner::runner	INFO	Running command: "/usr/bin/firefox" "--marionette" "-foreground" "-no-remote" "-profile" "/tmp/rust_mozprofileqbbTwv"
console.warn: SearchSettings: "get: No settings file exists, new profile?" (new Error("", "(unknown module)"))
1604693509782	Marionette	INFO	Listening on port 42417
1604693509832	Marionette	WARN	TLS certificate errors will be ignored for this session
1604693510463	Marionette	INFO	Stopped listening on port 43425
1604693533828	geckodriver	INFO	Listening on 127.0.0.1:60719
1604693533833	mozrunner::runner	INFO	Running command: "/usr/bin/firefox" "--marionette" "-foreground" "-no-remote" "-profile" "/tmp/rust_mozprofilevDIVD4"
console.warn: SearchSettings: "get: No settings file exists, new profile?" (new Error("", "(unknown module)"))
1604693536861	Marionette	INFO	Listening on port 35061
1604693536966	Marionette	WARN	TLS certificate errors will be ignored for this session
JavaScript error: resource://gre/modules/URIFixup.jsm, line 271: NS_ERROR_FAILURE: Should pass a non-null uri
1604693537390	Marionette	INFO	Stopped listening on port 42417

###!!! [Parent][MessageChannel] Error: (msgtype=0xD,name=PAPZ::Msg_Destroy) Channel error: cannot send/recv

1604693555676	Marionette	INFO	Stopped listening on port 35061
